<?xml version="1.0" encoding="UTF-8"?>
<!-- Generated by org.testng.reporters.JUnitXMLReporter -->
<testsuite ignored="0" hostname="DESKTOP-95104MM" failures="1" tests="1" name="PrivacyTest" time="57.146" errors="0" timestamp="2021-09-24T13:39:06 IST">
  <testcase classname="Automation.Salesforce.PrivacyPage" name="getPrivacy" time="41.197">
    <failure type="java.lang.AssertionError" message="expected [1800-420-7331] but found [1800-420-7332]">
      <![CDATA[java.lang.AssertionError: expected [1800-420-7331] but found [1800-420-7332]
at Automation.Salesforce.PrivacyPage.getPrivacy(PrivacyPage.java:34)
at java.base/java.util.ArrayList.forEach(ArrayList.java:1511)
at java.base/java.util.concurrent.FutureTask.run(FutureTask.java:264)
at java.base/java.util.concurrent.ThreadPoolExecutor.runWorker(ThreadPoolExecutor.java:1130)
at java.base/java.util.concurrent.ThreadPoolExecutor$Worker.run(ThreadPoolExecutor.java:630)
at java.base/java.lang.Thread.run(Thread.java:831)
... Removed 24 stack frames]]>
    </failure>
  </testcase> <!-- getPrivacy -->
</testsuite> <!-- PrivacyTest -->
